TN:
SF:config\database.js
FN:16,(anonymous_0)
FN:20,(anonymous_1)
FNF:2
FNH:0
FNDA:0,(anonymous_0)
FNDA:0,(anonymous_1)
DA:1,0
DA:2,0
DA:4,0
DA:16,0
DA:17,0
DA:20,0
DA:21,0
DA:24,0
LF:8
LH:0
BRDA:5,0,0,0
BRDA:5,0,1,0
BRDA:6,1,0,0
BRDA:6,1,1,0
BRDA:7,2,0,0
BRDA:7,2,1,0
BRDA:8,3,0,0
BRDA:8,3,1,0
BRF:8
BRH:0
end_of_record
TN:
SF:config\swagger.js
FNF:0
FNH:0
DA:1,0
DA:2,0
DA:4,0
DA:441,0
DA:443,0
LF:5
LH:0
BRF:0
BRH:0
end_of_record
TN:
SF:middleware\auth.js
FN:4,authenticateToken
FN:12,(anonymous_1)
FN:38,optionalAuth
FN:47,(anonymous_3)
FNF:4
FNH:2
FNDA:5,authenticateToken
FNDA:3,(anonymous_1)
FNDA:0,optionalAuth
FNDA:0,(anonymous_3)
DA:1,1
DA:2,1
DA:5,5
DA:6,5
DA:8,5
DA:9,2
DA:12,3
DA:13,3
DA:14,1
DA:17,2
DA:19,2
DA:24,1
DA:25,0
DA:28,1
DA:29,1
DA:31,1
DA:32,1
DA:39,0
DA:40,0
DA:42,0
DA:43,0
DA:44,0
DA:47,0
DA:48,0
DA:49,0
DA:50,0
DA:53,0
DA:54,0
DA:59,0
DA:60,0
DA:62,0
DA:63,0
DA:64,0
DA:69,1
LF:34
LH:17
BRDA:6,0,0,5
BRDA:6,0,1,4
BRDA:8,1,0,2
BRDA:8,1,1,3
BRDA:13,2,0,1
BRDA:13,2,1,2
BRDA:24,3,0,0
BRDA:24,3,1,1
BRDA:40,4,0,0
BRDA:40,4,1,0
BRDA:42,5,0,0
BRDA:42,5,1,0
BRDA:48,6,0,0
BRDA:48,6,1,0
BRDA:59,7,0,0
BRDA:59,7,1,0
BRF:16
BRH:7
end_of_record
TN:
SF:routes\auth.js
FN:49,(anonymous_0)
FN:149,(anonymous_1)
FN:231,(anonymous_2)
FN:275,(anonymous_3)
FNF:4
FNH:0
FNDA:0,(anonymous_0)
FNDA:0,(anonymous_1)
FNDA:0,(anonymous_2)
FNDA:0,(anonymous_3)
DA:1,0
DA:2,0
DA:3,0
DA:4,0
DA:5,0
DA:7,0
DA:49,0
DA:50,0
DA:51,0
DA:54,0
DA:55,0
DA:61,0
DA:66,0
DA:67,0
DA:73,0
DA:74,0
DA:77,0
DA:84,0
DA:87,0
DA:91,0
DA:104,0
DA:105,0
DA:149,0
DA:150,0
DA:151,0
DA:153,0
DA:154,0
DA:160,0
DA:164,0
DA:165,0
DA:168,0
DA:171,0
DA:172,0
DA:173,0
DA:177,0
DA:181,0
DA:193,0
DA:194,0
DA:231,0
DA:232,0
DA:275,0
DA:276,0
DA:278,0
DA:284,0
DA:289,0
DA:290,0
DA:294,0
LF:47
LH:0
BRDA:54,0,0,0
BRDA:54,0,1,0
BRDA:54,1,0,0
BRDA:54,1,1,0
BRDA:54,1,2,0
BRDA:66,2,0,0
BRDA:66,2,1,0
BRDA:153,3,0,0
BRDA:153,3,1,0
BRDA:153,4,0,0
BRDA:153,4,1,0
BRDA:164,5,0,0
BRDA:164,5,1,0
BRDA:172,6,0,0
BRDA:172,6,1,0
BRF:15
BRH:0
end_of_record
TN:
SF:routes\categories.js
FN:103,(anonymous_0)
FN:136,(anonymous_1)
FN:169,(anonymous_2)
FN:196,(anonymous_3)
FN:265,(anonymous_4)
FN:290,(anonymous_5)
FNF:6
FNH:0
FNDA:0,(anonymous_0)
FNDA:0,(anonymous_1)
FNDA:0,(anonymous_2)
FNDA:0,(anonymous_3)
FNDA:0,(anonymous_4)
FNDA:0,(anonymous_5)
DA:1,0
DA:2,0
DA:3,0
DA:5,0
DA:103,0
DA:104,0
DA:105,0
DA:107,0
DA:117,0
DA:118,0
DA:120,0
DA:130,0
DA:131,0
DA:136,0
DA:137,0
DA:138,0
DA:140,0
DA:141,0
DA:145,0
DA:147,0
DA:148,0
DA:151,0
DA:158,0
DA:163,0
DA:164,0
DA:169,0
DA:170,0
DA:171,0
DA:173,0
DA:184,0
DA:185,0
DA:188,0
DA:190,0
DA:191,0
DA:196,0
DA:197,0
DA:198,0
DA:199,0
DA:202,0
DA:204,0
DA:205,0
DA:209,0
DA:210,0
DA:215,0
DA:216,0
DA:221,0
DA:222,0
DA:223,0
DA:225,0
DA:226,0
DA:227,0
DA:229,0
DA:230,0
DA:231,0
DA:233,0
DA:234,0
DA:235,0
DA:238,0
DA:239,0
DA:242,0
DA:243,0
DA:245,0
DA:252,0
DA:254,0
DA:259,0
DA:260,0
DA:265,0
DA:266,0
DA:267,0
DA:270,0
DA:272,0
DA:274,0
DA:275,0
DA:278,0
DA:284,0
DA:285,0
DA:290,0
DA:291,0
DA:292,0
DA:293,0
DA:296,0
DA:297,0
DA:298,0
DA:300,0
DA:301,0
DA:302,0
DA:305,0
DA:306,0
DA:307,0
DA:310,0
DA:311,0
DA:312,0
DA:315,0
DA:317,0
DA:327,0
DA:328,0
DA:330,0
DA:340,0
DA:341,0
DA:345,0
LF:100
LH:0
BRDA:105,0,0,0
BRDA:105,1,0,0
BRDA:140,2,0,0
BRDA:140,2,1,0
BRDA:147,3,0,0
BRDA:147,3,1,0
BRDA:155,4,0,0
BRDA:155,4,1,0
BRDA:184,5,0,0
BRDA:184,5,1,0
BRDA:204,6,0,0
BRDA:204,6,1,0
BRDA:209,7,0,0
BRDA:209,7,1,0
BRDA:215,8,0,0
BRDA:215,8,1,0
BRDA:225,9,0,0
BRDA:225,9,1,0
BRDA:229,10,0,0
BRDA:229,10,1,0
BRDA:233,11,0,0
BRDA:233,11,1,0
BRDA:238,12,0,0
BRDA:238,12,1,0
BRDA:274,13,0,0
BRDA:274,13,1,0
BRDA:293,14,0,0
BRDA:293,15,0,0
BRDA:300,16,0,0
BRDA:300,16,1,0
BRDA:305,17,0,0
BRDA:305,17,1,0
BRDA:310,18,0,0
BRDA:310,18,1,0
BRF:34
BRH:0
end_of_record
TN:
SF:routes\stats.js
FN:29,(anonymous_0)
FN:96,(anonymous_1)
FN:226,(anonymous_2)
FN:301,(anonymous_3)
FNF:4
FNH:0
FNDA:0,(anonymous_0)
FNDA:0,(anonymous_1)
FNDA:0,(anonymous_2)
FNDA:0,(anonymous_3)
DA:1,0
DA:2,0
DA:3,0
DA:5,0
DA:29,0
DA:30,0
DA:32,0
DA:43,0
DA:60,0
DA:71,0
DA:82,0
DA:90,0
DA:91,0
DA:96,0
DA:97,0
DA:98,0
DA:101,0
DA:102,0
DA:103,0
DA:105,0
DA:106,0
DA:107,0
DA:110,0
DA:111,0
DA:112,0
DA:115,0
DA:116,0
DA:117,0
DA:120,0
DA:121,0
DA:122,0
DA:125,0
DA:128,0
DA:147,0
DA:165,0
DA:177,0
DA:180,0
DA:181,0
DA:182,0
DA:203,0
DA:206,0
DA:220,0
DA:221,0
DA:226,0
DA:227,0
DA:229,0
DA:238,0
DA:261,0
DA:272,0
DA:287,0
DA:295,0
DA:296,0
DA:301,0
DA:302,0
DA:304,0
DA:326,0
DA:333,0
DA:345,0
DA:352,0
DA:353,0
DA:357,0
LF:61
LH:0
BRDA:105,0,0,0
BRDA:105,0,1,0
BRDA:110,1,0,0
BRDA:110,1,1,0
BRDA:115,2,0,0
BRDA:115,2,1,0
BRDA:120,3,0,0
BRDA:120,3,1,0
BRDA:125,4,0,0
BRDA:125,4,1,0
BRDA:156,5,0,0
BRDA:156,5,1,0
BRDA:172,6,0,0
BRDA:172,6,1,0
BRDA:181,7,0,0
BRDA:181,7,1,0
BRDA:195,8,0,0
BRDA:195,8,1,0
BRF:18
BRH:0
end_of_record
TN:
SF:routes\testing.js
FN:35,(anonymous_0)
FN:81,(anonymous_1)
FN:113,(anonymous_2)
FN:116,(anonymous_3)
FN:163,(anonymous_4)
FN:222,(anonymous_5)
FN:258,(anonymous_6)
FN:266,(anonymous_7)
FN:324,(anonymous_8)
FN:427,(anonymous_9)
FN:494,(anonymous_10)
FN:527,(anonymous_11)
FN:542,(anonymous_12)
FN:577,(anonymous_13)
FN:584,(anonymous_14)
FN:611,(anonymous_15)
FN:641,(anonymous_16)
FN:646,(anonymous_17)
FN:702,(anonymous_18)
FN:723,(anonymous_19)
FN:801,(anonymous_20)
FN:897,(anonymous_21)
FNF:22
FNH:0
FNDA:0,(anonymous_0)
FNDA:0,(anonymous_1)
FNDA:0,(anonymous_2)
FNDA:0,(anonymous_3)
FNDA:0,(anonymous_4)
FNDA:0,(anonymous_5)
FNDA:0,(anonymous_6)
FNDA:0,(anonymous_7)
FNDA:0,(anonymous_8)
FNDA:0,(anonymous_9)
FNDA:0,(anonymous_10)
FNDA:0,(anonymous_11)
FNDA:0,(anonymous_12)
FNDA:0,(anonymous_13)
FNDA:0,(anonymous_14)
FNDA:0,(anonymous_15)
FNDA:0,(anonymous_16)
FNDA:0,(anonymous_17)
FNDA:0,(anonymous_18)
FNDA:0,(anonymous_19)
FNDA:0,(anonymous_20)
FNDA:0,(anonymous_21)
DA:1,0
DA:2,0
DA:3,0
DA:4,0
DA:6,0
DA:9,0
DA:35,0
DA:36,0
DA:81,0
DA:82,0
DA:85,0
DA:86,0
DA:88,0
DA:89,0
DA:91,0
DA:92,0
DA:94,0
DA:95,0
DA:96,0
DA:101,0
DA:102,0
DA:105,0
DA:113,0
DA:115,0
DA:116,0
DA:120,0
DA:121,0
DA:128,0
DA:163,0
DA:164,0
DA:166,0
DA:167,0
DA:171,0
DA:172,0
DA:180,0
DA:181,0
DA:187,0
DA:194,0
DA:222,0
DA:223,0
DA:224,0
DA:226,0
DA:232,0
DA:258,0
DA:259,0
DA:260,0
DA:262,0
DA:263,0
DA:266,0
DA:267,0
DA:268,0
DA:272,0
DA:273,0
DA:280,0
DA:324,0
DA:325,0
DA:326,0
DA:329,0
DA:332,0
DA:333,0
DA:335,0
DA:336,0
DA:338,0
DA:339,0
DA:341,0
DA:342,0
DA:344,0
DA:345,0
DA:347,0
DA:348,0
DA:350,0
DA:354,0
DA:355,0
DA:357,0
DA:358,0
DA:360,0
DA:364,0
DA:365,0
DA:367,0
DA:368,0
DA:370,0
DA:371,0
DA:373,0
DA:376,0
DA:377,0
DA:385,0
DA:427,0
DA:428,0
DA:429,0
DA:432,0
DA:433,0
DA:435,0
DA:436,0
DA:438,0
DA:439,0
DA:441,0
DA:442,0
DA:444,0
DA:445,0
DA:447,0
DA:451,0
DA:454,0
DA:455,0
DA:469,0
DA:494,0
DA:495,0
DA:527,0
DA:528,0
DA:529,0
DA:530,0
DA:532,0
DA:534,0
DA:542,0
DA:545,0
DA:577,0
DA:578,0
DA:579,0
DA:581,0
DA:583,0
DA:584,0
DA:587,0
DA:611,0
DA:612,0
DA:641,0
DA:642,0
DA:644,0
DA:646,0
DA:647,0
DA:648,0
DA:651,0
DA:652,0
DA:656,0
DA:659,0
DA:702,0
DA:703,0
DA:704,0
DA:705,0
DA:707,0
DA:708,0
DA:711,0
DA:712,0
DA:721,0
DA:722,0
DA:723,0
DA:727,0
DA:728,0
DA:729,0
DA:730,0
DA:739,0
DA:801,0
DA:802,0
DA:803,0
DA:804,0
DA:807,0
DA:808,0
DA:809,0
DA:811,0
DA:816,0
DA:817,0
DA:819,0
DA:820,0
DA:821,0
DA:823,0
DA:834,0
DA:838,0
DA:840,0
DA:897,0
DA:898,0
DA:899,0
DA:900,0
DA:902,0
DA:903,0
DA:906,0
DA:907,0
DA:916,0
DA:918,0
DA:921,0
DA:922,0
DA:923,0
DA:925,0
DA:929,0
DA:930,0
DA:931,0
DA:935,0
DA:936,0
DA:938,0
DA:940,0
DA:941,0
DA:944,0
DA:947,0
DA:949,0
DA:975,0
LF:192
LH:0
BRDA:85,0,0,0
BRDA:85,0,1,0
BRDA:88,1,0,0
BRDA:88,1,1,0
BRDA:91,2,0,0
BRDA:91,2,1,0
BRDA:94,3,0,0
BRDA:94,3,1,0
BRDA:95,4,0,0
BRDA:95,4,1,0
BRDA:101,5,0,0
BRDA:101,5,1,0
BRDA:101,6,0,0
BRDA:101,6,1,0
BRDA:115,7,0,0
BRDA:115,7,1,0
BRDA:120,8,0,0
BRDA:120,8,1,0
BRDA:166,9,0,0
BRDA:166,9,1,0
BRDA:166,10,0,0
BRDA:166,10,1,0
BRDA:171,11,0,0
BRDA:171,11,1,0
BRDA:180,12,0,0
BRDA:180,12,1,0
BRDA:180,13,0,0
BRDA:180,13,1,0
BRDA:223,14,0,0
BRDA:260,15,0,0
BRDA:260,15,1,0
BRDA:262,16,0,0
BRDA:262,16,1,0
BRDA:267,17,0,0
BRDA:267,17,1,0
BRDA:272,18,0,0
BRDA:272,18,1,0
BRDA:329,19,0,0
BRDA:329,19,1,0
BRDA:329,19,2,0
BRDA:332,20,0,0
BRDA:332,20,1,0
BRDA:332,21,0,0
BRDA:332,21,1,0
BRDA:332,21,2,0
BRDA:335,22,0,0
BRDA:335,22,1,0
BRDA:335,23,0,0
BRDA:335,23,1,0
BRDA:338,24,0,0
BRDA:338,24,1,0
BRDA:338,25,0,0
BRDA:338,25,1,0
BRDA:338,25,2,0
BRDA:341,26,0,0
BRDA:341,26,1,0
BRDA:341,27,0,0
BRDA:341,27,1,0
BRDA:344,28,0,0
BRDA:344,28,1,0
BRDA:344,29,0,0
BRDA:344,29,1,0
BRDA:347,30,0,0
BRDA:347,30,1,0
BRDA:347,31,0,0
BRDA:347,31,1,0
BRDA:354,32,0,0
BRDA:354,32,1,0
BRDA:357,33,0,0
BRDA:357,33,1,0
BRDA:364,34,0,0
BRDA:364,34,1,0
BRDA:364,35,0,0
BRDA:364,35,1,0
BRDA:364,35,2,0
BRDA:367,36,0,0
BRDA:367,36,1,0
BRDA:367,37,0,0
BRDA:367,37,1,0
BRDA:370,38,0,0
BRDA:370,38,1,0
BRDA:370,39,0,0
BRDA:370,39,1,0
BRDA:370,39,2,0
BRDA:376,40,0,0
BRDA:376,40,1,0
BRDA:432,41,0,0
BRDA:432,41,1,0
BRDA:432,42,0,0
BRDA:432,42,1,0
BRDA:435,43,0,0
BRDA:435,43,1,0
BRDA:435,44,0,0
BRDA:435,44,1,0
BRDA:435,44,2,0
BRDA:438,45,0,0
BRDA:438,45,1,0
BRDA:438,46,0,0
BRDA:438,46,1,0
BRDA:441,47,0,0
BRDA:441,47,1,0
BRDA:441,48,0,0
BRDA:441,48,1,0
BRDA:444,49,0,0
BRDA:444,49,1,0
BRDA:444,50,0,0
BRDA:444,50,1,0
BRDA:447,51,0,0
BRDA:447,51,1,0
BRDA:448,52,0,0
BRDA:448,52,1,0
BRDA:448,52,2,0
BRDA:448,52,3,0
BRDA:454,53,0,0
BRDA:454,53,1,0
BRDA:463,54,0,0
BRDA:463,54,1,0
BRDA:528,55,0,0
BRDA:578,56,0,0
BRDA:578,56,1,0
BRDA:583,57,0,0
BRDA:583,57,1,0
BRDA:642,58,0,0
BRDA:642,58,1,0
BRDA:644,59,0,0
BRDA:644,59,1,0
BRDA:644,59,2,0
BRDA:644,59,3,0
BRDA:703,60,0,0
BRDA:703,60,1,0
BRDA:704,61,0,0
BRDA:704,61,1,0
BRDA:705,62,0,0
BRDA:705,62,1,0
BRDA:711,63,0,0
BRDA:711,63,1,0
BRDA:711,64,0,0
BRDA:711,64,1,0
BRDA:722,65,0,0
BRDA:722,65,1,0
BRDA:748,66,0,0
BRDA:748,66,1,0
BRDA:749,67,0,0
BRDA:749,67,1,0
BRDA:759,68,0,0
BRDA:759,68,1,0
BRDA:763,69,0,0
BRDA:763,69,1,0
BRDA:802,70,0,0
BRDA:802,70,1,0
BRDA:803,71,0,0
BRDA:803,71,1,0
BRDA:807,72,0,0
BRDA:807,72,1,0
BRDA:817,73,0,0
BRDA:817,73,1,0
BRDA:834,74,0,0
BRDA:834,74,1,0
BRDA:838,75,0,0
BRDA:838,75,1,0
BRDA:846,76,0,0
BRDA:846,76,1,0
BRDA:847,77,0,0
BRDA:847,77,1,0
BRDA:850,78,0,0
BRDA:850,78,1,0
BRDA:855,79,0,0
BRDA:855,79,1,0
BRDA:858,80,0,0
BRDA:858,80,1,0
BRDA:898,81,0,0
BRDA:898,81,1,0
BRDA:899,82,0,0
BRDA:899,82,1,0
BRDA:900,83,0,0
BRDA:900,83,1,0
BRDA:918,84,0,0
BRDA:918,84,1,0
BRDA:918,84,2,0
BRDA:918,84,3,0
BRDA:922,85,0,0
BRDA:922,85,1,0
BRDA:922,86,0,0
BRDA:922,86,1,0
BRDA:936,87,0,0
BRDA:936,87,1,0
BRDA:969,88,0,0
BRDA:969,88,1,0
BRF:188
BRH:0
end_of_record
TN:
SF:routes\todos.js
FN:92,(anonymous_0)
FN:245,(anonymous_1)
FN:339,(anonymous_2)
FN:486,(anonymous_3)
FN:592,(anonymous_4)
FN:661,(anonymous_5)
FN:732,(anonymous_6)
FNF:7
FNH:0
FNDA:0,(anonymous_0)
FNDA:0,(anonymous_1)
FNDA:0,(anonymous_2)
FNDA:0,(anonymous_3)
FNDA:0,(anonymous_4)
FNDA:0,(anonymous_5)
FNDA:0,(anonymous_6)
DA:1,0
DA:2,0
DA:3,0
DA:5,0
DA:92,0
DA:93,0
DA:106,0
DA:109,0
DA:110,0
DA:111,0
DA:113,0
DA:114,0
DA:115,0
DA:118,0
DA:119,0
DA:120,0
DA:123,0
DA:124,0
DA:125,0
DA:128,0
DA:129,0
DA:130,0
DA:133,0
DA:134,0
DA:135,0
DA:138,0
DA:139,0
DA:140,0
DA:143,0
DA:144,0
DA:145,0
DA:146,0
DA:147,0
DA:150,0
DA:153,0
DA:154,0
DA:155,0
DA:157,0
DA:170,0
DA:171,0
DA:173,0
DA:192,0
DA:193,0
DA:245,0
DA:246,0
DA:247,0
DA:249,0
DA:250,0
DA:254,0
DA:255,0
DA:256,0
DA:262,0
DA:263,0
DA:267,0
DA:268,0
DA:272,0
DA:280,0
DA:291,0
DA:296,0
DA:297,0
DA:339,0
DA:340,0
DA:341,0
DA:343,0
DA:354,0
DA:355,0
DA:358,0
DA:360,0
DA:361,0
DA:486,0
DA:487,0
DA:488,0
DA:489,0
DA:492,0
DA:494,0
DA:495,0
DA:498,0
DA:499,0
DA:503,0
DA:504,0
DA:505,0
DA:506,0
DA:513,0
DA:514,0
DA:518,0
DA:519,0
DA:524,0
DA:525,0
DA:526,0
DA:528,0
DA:529,0
DA:530,0
DA:532,0
DA:533,0
DA:534,0
DA:536,0
DA:537,0
DA:538,0
DA:540,0
DA:541,0
DA:542,0
DA:544,0
DA:545,0
DA:546,0
DA:548,0
DA:549,0
DA:550,0
DA:553,0
DA:554,0
DA:557,0
DA:558,0
DA:560,0
DA:567,0
DA:570,0
DA:581,0
DA:586,0
DA:587,0
DA:592,0
DA:593,0
DA:594,0
DA:597,0
DA:602,0
DA:603,0
DA:608,0
DA:613,0
DA:614,0
DA:661,0
DA:662,0
DA:663,0
DA:665,0
DA:673,0
DA:674,0
DA:679,0
DA:684,0
DA:685,0
DA:732,0
DA:733,0
DA:734,0
DA:736,0
DA:744,0
DA:745,0
DA:750,0
DA:755,0
DA:756,0
DA:760,0
LF:145
LH:0
BRDA:102,0,0,0
BRDA:103,1,0,0
BRDA:104,2,0,0
BRDA:105,3,0,0
BRDA:113,4,0,0
BRDA:113,4,1,0
BRDA:118,5,0,0
BRDA:118,5,1,0
BRDA:123,6,0,0
BRDA:123,6,1,0
BRDA:128,7,0,0
BRDA:128,7,1,0
BRDA:133,8,0,0
BRDA:133,8,1,0
BRDA:138,9,0,0
BRDA:138,9,1,0
BRDA:143,10,0,0
BRDA:143,10,1,0
BRDA:150,11,0,0
BRDA:150,11,1,0
BRDA:154,12,0,0
BRDA:154,12,1,0
BRDA:155,13,0,0
BRDA:155,13,1,0
BRDA:249,14,0,0
BRDA:249,14,1,0
BRDA:255,15,0,0
BRDA:255,15,1,0
BRDA:255,16,0,0
BRDA:255,16,1,0
BRDA:262,17,0,0
BRDA:262,17,1,0
BRDA:267,18,0,0
BRDA:267,18,1,0
BRDA:276,19,0,0
BRDA:276,19,1,0
BRDA:354,20,0,0
BRDA:354,20,1,0
BRDA:494,21,0,0
BRDA:494,21,1,0
BRDA:498,22,0,0
BRDA:498,22,1,0
BRDA:503,23,0,0
BRDA:503,23,1,0
BRDA:505,24,0,0
BRDA:505,24,1,0
BRDA:513,25,0,0
BRDA:513,25,1,0
BRDA:518,26,0,0
BRDA:518,26,1,0
BRDA:528,27,0,0
BRDA:528,27,1,0
BRDA:532,28,0,0
BRDA:532,28,1,0
BRDA:536,29,0,0
BRDA:536,29,1,0
BRDA:540,30,0,0
BRDA:540,30,1,0
BRDA:544,31,0,0
BRDA:544,31,1,0
BRDA:548,32,0,0
BRDA:548,32,1,0
BRDA:553,33,0,0
BRDA:553,33,1,0
BRDA:602,34,0,0
BRDA:602,34,1,0
BRDA:673,35,0,0
BRDA:673,35,1,0
BRDA:744,36,0,0
BRDA:744,36,1,0
BRF:70
BRH:0
end_of_record
TN:
SF:routes\users.js
FN:50,(anonymous_0)
FN:81,(anonymous_1)
FN:116,(anonymous_2)
FN:194,(anonymous_3)
FN:221,(anonymous_4)
FNF:5
FNH:0
FNDA:0,(anonymous_0)
FNDA:0,(anonymous_1)
FNDA:0,(anonymous_2)
FNDA:0,(anonymous_3)
FNDA:0,(anonymous_4)
DA:1,1
DA:2,1
DA:3,1
DA:4,1
DA:6,1
DA:50,1
DA:51,0
DA:52,0
DA:54,0
DA:62,0
DA:63,0
DA:65,0
DA:75,0
DA:76,0
DA:81,1
DA:82,0
DA:83,0
DA:85,0
DA:91,0
DA:92,0
DA:96,0
DA:105,0
DA:106,0
DA:108,0
DA:110,0
DA:111,0
DA:116,1
DA:117,0
DA:118,0
DA:119,0
DA:122,0
DA:123,0
DA:127,0
DA:128,0
DA:133,0
DA:134,0
DA:141,0
DA:142,0
DA:143,0
DA:145,0
DA:146,0
DA:147,0
DA:149,0
DA:150,0
DA:151,0
DA:153,0
DA:154,0
DA:155,0
DA:157,0
DA:158,0
DA:159,0
DA:161,0
DA:162,0
DA:163,0
DA:164,0
DA:167,0
DA:168,0
DA:171,0
DA:172,0
DA:174,0
DA:181,0
DA:183,0
DA:188,0
DA:189,0
DA:194,1
DA:195,0
DA:196,0
DA:199,0
DA:200,0
DA:204,0
DA:206,0
DA:207,0
DA:210,0
DA:215,0
DA:216,0
DA:221,1
DA:222,0
DA:223,0
DA:224,0
DA:227,0
DA:228,0
DA:229,0
DA:231,0
DA:232,0
DA:233,0
DA:236,0
DA:237,0
DA:238,0
DA:241,0
DA:242,0
DA:243,0
DA:246,0
DA:248,0
DA:258,0
DA:259,0
DA:261,0
DA:271,0
DA:272,0
DA:276,1
LF:99
LH:11
BRDA:52,0,0,0
BRDA:52,1,0,0
BRDA:91,2,0,0
BRDA:91,2,1,0
BRDA:122,3,0,0
BRDA:122,3,1,0
BRDA:127,4,0,0
BRDA:127,4,1,0
BRDA:127,5,0,0
BRDA:127,5,1,0
BRDA:130,6,0,0
BRDA:130,6,1,0
BRDA:130,7,0,0
BRDA:130,7,1,0
BRDA:133,8,0,0
BRDA:133,8,1,0
BRDA:145,9,0,0
BRDA:145,9,1,0
BRDA:149,10,0,0
BRDA:149,10,1,0
BRDA:153,11,0,0
BRDA:153,11,1,0
BRDA:157,12,0,0
BRDA:157,12,1,0
BRDA:161,13,0,0
BRDA:161,13,1,0
BRDA:167,14,0,0
BRDA:167,14,1,0
BRDA:199,15,0,0
BRDA:199,15,1,0
BRDA:206,16,0,0
BRDA:206,16,1,0
BRDA:224,17,0,0
BRDA:224,18,0,0
BRDA:231,19,0,0
BRDA:231,19,1,0
BRDA:236,20,0,0
BRDA:236,20,1,0
BRDA:241,21,0,0
BRDA:241,21,1,0
BRF:40
BRH:0
end_of_record
